#
# A fatal error has been detected by the Java Runtime Environment:
#
#  EXCEPTION_ACCESS_VIOLATION (0xc0000005) at pc=0x00007ffa3a56c861, pid=6756, tid=5808
#
# JRE version: Java(TM) SE Runtime Environment (17.0.6+9) (build 17.0.6+9-LTS-190)
# Java VM: Java HotSpot(TM) 64-Bit Server VM (17.0.6+9-LTS-190, mixed mode, sharing, tiered, compressed oops, compressed class ptrs, g1 gc, windows-amd64)
# Problematic frame:
# V  [jvm.dll+0x1ac861]
#
# No core dump will be written. Minidumps are not enabled by default on client versions of Windows
#
# If you would like to submit a bug report, please visit:
#   https://bugreport.java.com/bugreport/crash.jsp
#

---------------  S U M M A R Y ------------

Command Line: com.portfolioweb.lauramaldonado.LauramaldonadoApplication

Host: Intel(R) Core(TM) i5-2410M CPU @ 2.30GHz, 4 cores, 3G,  Windows 10 , 64 bit Build 19041 (10.0.19041.2546)
Time: Thu Mar 30 19:44:06 2023 Hora estándar de Argentina elapsed time: 7.690031 seconds (0d 0h 0m 7s)

---------------  T H R E A D  ---------------

Current thread (0x0000028762516240):  GCTaskThread "GC Thread#0" [stack: 0x000000f47c600000,0x000000f47c700000] [id=5808]

Stack: [0x000000f47c600000,0x000000f47c700000],  sp=0x000000f47c6ff718,  free space=1021k
Native frames: (J=compiled Java code, j=interpreted, Vv=VM code, C=native code)
V  [jvm.dll+0x1ac861]


siginfo: EXCEPTION_ACCESS_VIOLATION (0xc0000005), reading address 0x0000000000000100


Register to memory mapping:

RIP=0x00007ffa3a56c861 jvm.dll
RAX=0x0 is NULL
RBX=0x0000000000000001 is an unknown value
RCX=0x0000000800000004 is pointing into metadata
RDX=0x00000000c1b1ddd8 is pointing into object: org.springframework.util.ConcurrentReferenceHashMap 
{0x00000000c1b1ddc8} - klass: 'org/springframework/util/ConcurrentReferenceHashMap'
 - ---- fields (total size 5 words):
 - transient 'keySet' 'Ljava/util/Set;' @12  NULL (0)
 - transient 'values' 'Ljava/util/Collection;' @16  NULL (0)
 - private final 'loadFactor' 'F' @20  0.750000 (3f400000)
 - private final 'shift' 'I' @24  4
 - private final 'segments' '[Lorg/springframework/util/ConcurrentReferenceHashMap$Segment;' @28  a 'org/springframework/util/ConcurrentReferenceHashMap$Segment'[16] {0x00000000c1b1ddf0} (c1b1ddf0)
 - private final 'referenceType' 'Lorg/springframework/util/ConcurrentReferenceHashMap$ReferenceType;' @32  a 'org/springframework/util/ConcurrentReferenceHashMap$ReferenceType'{0x00000000c103fc48} (c103fc48)
 - private volatile 'entrySet' 'Ljava/util/Set;' @36  NULL (0)
RSP=0x000000f47c6ff718 points into unknown readable memory: 0x00007ffa3a6c1b9c | 9c 1b 6c 3a fa 7f 00 00
RBP=0x00000000000003da is an unknown value
RSI=0x00000000c1a1ce04 is pointing into object: org.springframework.beans.GenericTypeAwarePropertyDescriptor 
{0x00000000c1a1cdd8} - klass: 'org/springframework/beans/GenericTypeAwarePropertyDescriptor'
 - ---- fields (total size 12 words):
 - private 'expert' 'Z' @12  false
 - private 'hidden' 'Z' @13  false
 - private 'preferred' 'Z' @14  false
 - private 'classRef' 'Ljava/lang/ref/Reference;' @16  NULL (0)
 - private 'shortDescription' 'Ljava/lang/String;' @20  NULL (0)
 - private 'name' 'Ljava/lang/String;' @24  "advisorAdapterRegistry"{0x00000000c1a16c98} (c1a16c98)
 - private 'displayName' 'Ljava/lang/String;' @28  NULL (0)
 - private 'table' 'Ljava/util/Hashtable;' @32  NULL (0)
 - private 'bound' 'Z' @15  false
 - private 'constrained' 'Z' @36  false
 - private 'propertyTypeRef' 'Ljava/lang/ref/Reference;' @40  NULL (0)
 - private final 'readMethodRef' 'Ljava/beans/MethodRef;' @44  
[error occurred during error reporting (printing register info), id 0xc0000005, EXCEPTION_ACCESS_VIOLATION (0xc0000005) at pc=0x00007ffa3aa1fd09]

Registers:
RAX=0x0000000000000000, RBX=0x0000000000000001, RCX=0x0000000800000004, RDX=0x00000000c1b1ddd8
RSP=0x000000f47c6ff718, RBP=0x00000000000003da, RSI=0x00000000c1a1ce04, RDI=0x00000000c1b1ddd8
R8 =0x0000000000000000, R9 =0x0000000800000004, R10=0x00000000c1b1ddd8, R11=0x00007ffa620515c3
R12=0x000000f47c6ffa20, R13=0x00000287624e8b50, R14=0x00000287017937b0, R15=0x0000000800000004
RIP=0x00007ffa3a56c861, EFLAGS=0x0000000000010246

Top of Stack: (sp=0x000000f47c6ff718)
0x000000f47c6ff718:   00007ffa3a6c1b9c 0000000000000001
0x000000f47c6ff728:   00000000c1b1dcf8 0000000000000001
0x000000f47c6ff738:   0000000000000001 0000028700000001
0x000000f47c6ff748:   0000000000000000 0000000000000009
0x000000f47c6ff758:   000002876044c820 00000000c15c08b0
0x000000f47c6ff768:   00007ffa3a6c8222 0000000000000001
0x000000f47c6ff778:   0000000000000000 0000000000000040
0x000000f47c6ff788:   00000287624e8b50 000000f47c6ffa20
0x000000f47c6ff798:   00000287017937b0 00000000c1a1ce04
0x000000f47c6ff7a8:   00000000000003da 00000000c1a1ce05
0x000000f47c6ff7b8:   00007ffa3a6c2ce2 0000000000000000
0x000000f47c6ff7c8:   0000000000600100 0000000000000000
0x000000f47c6ff7d8:   3f40000000000000 0000028778f651a0
0x000000f47c6ff7e8:   000000000000001f 00000000000007c0
0x000000f47c6ff7f8:   000000f47c6ffa20 00000000c1634200
0x000000f47c6ff808:   00007ffa3a6bf9ee 00000000c161c000 

Instructions: (pc=0x00007ffa3a56c861)
0x00007ffa3a56c761:   74 32 0f 10 83 f0 02 00 00 48 8b 07 48 8d 54 24
0x00007ffa3a56c771:   20 48 8b cf 0f 29 44 24 20 ff 50 40 33 c0 48 89
0x00007ffa3a56c781:   44 24 20 48 89 44 24 28 0f 28 44 24 20 0f 11 83
0x00007ffa3a56c791:   f0 02 00 00 48 8b 5c 24 40 48 83 c4 30 5f c3 48
0x00007ffa3a56c7a1:   8b 49 40 48 8b 01 48 ff 60 28 cc cc cc cc cc 80
0x00007ffa3a56c7b1:   3d 20 34 95 00 00 48 8b c1 74 1b 8b 51 08 8b 0d
0x00007ffa3a56c7c1:   f3 ba 8e 00 48 d3 e2 48 8b c8 48 03 15 de ba 8e
0x00007ffa3a56c7d1:   00 e9 19 00 00 00 48 8b 51 08 48 8b c8 e9 0d 00
0x00007ffa3a56c7e1:   00 00 cc cc cc cc cc cc cc cc cc cc cc cc cc 4c
0x00007ffa3a56c7f1:   8b ca 48 8b d1 45 8b 41 08 45 85 c0 7e 0e 41 f6
0x00007ffa3a56c801:   c0 01 75 56 41 c1 f8 03 41 8b c0 c3 79 4c 80 3d
0x00007ffa3a56c811:   c1 33 95 00 00 b8 0c 00 00 00 b9 10 00 00 00 0f
0x00007ffa3a56c821:   45 c8 8b 05 ab c9 8e 00 ff c8 4c 63 c8 48 63 14
0x00007ffa3a56c831:   11 41 8b c8 83 e1 3f 48 d3 e2 41 8b c8 48 c1 f9
0x00007ffa3a56c841:   10 0f b6 c1 49 8d 0c 11 49 f7 d1 48 03 c1 49 c1
0x00007ffa3a56c851:   e9 03 48 c1 e8 03 41 23 c1 c3 49 8b 01 49 8b c9
0x00007ffa3a56c861:   48 ff a0 00 01 00 00 cc cc cc cc cc cc cc cc 48
0x00007ffa3a56c871:   83 ec 38 0f 10 02 48 8b 49 40 48 8d 54 24 20 0f
0x00007ffa3a56c881:   29 44 24 20 e8 66 f2 ff ff 48 83 c4 38 c3 cc 48
0x00007ffa3a56c891:   83 ec 38 0f 10 02 48 8b 01 48 8d 54 24 20 0f 29
0x00007ffa3a56c8a1:   44 24 20 ff 50 38 48 83 c4 38 c3 cc cc cc cc 48
0x00007ffa3a56c8b1:   89 5c 24 08 55 56 57 41 54 41 55 41 56 41 57 48
0x00007ffa3a56c8c1:   8d 6c 24 e0 48 81 ec 20 01 00 00 48 8b 05 ed b7
0x00007ffa3a56c8d1:   91 00 48 33 c4 48 89 45 10 48 8b 05 2f 2b 94 00
0x00007ffa3a56c8e1:   45 33 ed 4c 8b b5 80 00 00 00 4c 8b fa 48 8b bd
0x00007ffa3a56c8f1:   88 00 00 00 4d 8b c6 49 8b d6 49 8b f1 48 8b 48
0x00007ffa3a56c901:   40 48 8b 59 40 49 8b cf c7 45 c0 ff ff ff ff 44
0x00007ffa3a56c911:   89 6d d4 4c 89 6d d8 44 88 6d e0 c7 45 e8 ff ff
0x00007ffa3a56c921:   ff ff 44 89 6d fc 4c 89 6d 00 44 88 6d 08 e8 0c
0x00007ffa3a56c931:   03 f4 ff 41 b1 01 4c 8d 45 e8 41 8d 55 04 49 8b
0x00007ffa3a56c941:   cf e8 e9 19 f2 ff 48 8b 05 62 29 7a 00 4c 8d 25
0x00007ffa3a56c951:   4b 26 69 00 48 89 44 24 30 4c 8d 44 24 70 0f b6 


Stack slot to memory mapping:
stack at sp + 0 slots: 0x00007ffa3a6c1b9c jvm.dll
stack at sp + 1 slots: 0x0000000000000001 is an unknown value
stack at sp + 2 slots: 0x00000000c1b1dcf8 is an oop: org.springframework.beans.GenericTypeAwarePropertyDescriptor 
{0x00000000c1b1dcf8} - klass: 'org/springframework/beans/GenericTypeAwarePropertyDescriptor'
 - ---- fields (total size 12 words):
 - private 'expert' 'Z' @12  false
 - private 'hidden' 'Z' @13  false
 - private 'preferred' 'Z' @14  false
 - private 'classRef' 'Ljava/lang/ref/Reference;' @16  NULL (0)
 - private 'shortDescription' 'Ljava/lang/String;' @20  NULL (0)
 - private 'name' 'Ljava/lang/String;' @24  "advisorAdapterRegistry"{0x00000000c1b17bb8} (c1b17bb8)
 - private 'displayName' 'Ljava/lang/String;' @28  NULL (0)
 - private 'table' 'Ljava/util/Hashtable;' @32  NULL (0)
 - private 'bound' 'Z' @15  false
 - private 'constrained' 'Z' @36  false
 - private 'propertyTypeRef' 'Ljava/lang/ref/Reference;' @40  NULL (0)
 - private final 'readMethodRef' 'Ljava/beans/MethodRef;' @44  
[error occurred during error reporting (inspecting top of stack), id 0xc0000005, EXCEPTION_ACCESS_VIOLATION (0xc0000005) at pc=0x00007ffa3aa1fd09]


---------------  P R O C E S S  ---------------

Threads class SMR info:
_java_thread_list=0x000002877f69ede0, length=15, elements={
0x00000287624da510, 0x000002876259ab30, 0x000002876259b9a0, 0x000002877d74ffb0,
0x000002877d753890, 0x000002877d754240, 0x000002877d755c00, 0x000002877d759e90,
0x000002877d762940, 0x000002877d76fb50, 0x000002877e45c0d0, 0x000002877e4649e0,
0x000002877edcef40, 0x000002877ec771e0, 0x000002877f280c50
}

Java Threads: ( => current thread )
  0x00000287624da510 JavaThread "main" [_thread_blocked, id=5316, stack(0x000000f47c500000,0x000000f47c600000)]
  0x000002876259ab30 JavaThread "Reference Handler" daemon [_thread_blocked, id=8468, stack(0x000000f47cc00000,0x000000f47cd00000)]
  0x000002876259b9a0 JavaThread "Finalizer" daemon [_thread_blocked, id=5004, stack(0x000000f47cd00000,0x000000f47ce00000)]
  0x000002877d74ffb0 JavaThread "Signal Dispatcher" daemon [_thread_blocked, id=9900, stack(0x000000f47ce00000,0x000000f47cf00000)]
  0x000002877d753890 JavaThread "Attach Listener" daemon [_thread_blocked, id=884, stack(0x000000f47cf00000,0x000000f47d000000)]
  0x000002877d754240 JavaThread "Service Thread" daemon [_thread_blocked, id=6596, stack(0x000000f47d000000,0x000000f47d100000)]
  0x000002877d755c00 JavaThread "Monitor Deflation Thread" daemon [_thread_blocked, id=7932, stack(0x000000f47d100000,0x000000f47d200000)]
  0x000002877d759e90 JavaThread "C2 CompilerThread0" daemon [_thread_blocked, id=4812, stack(0x000000f47d200000,0x000000f47d300000)]
  0x000002877d762940 JavaThread "C1 CompilerThread0" daemon [_thread_blocked, id=8868, stack(0x000000f47d300000,0x000000f47d400000)]
  0x000002877d76fb50 JavaThread "Sweeper thread" daemon [_thread_blocked, id=6624, stack(0x000000f47d400000,0x000000f47d500000)]
  0x000002877e45c0d0 JavaThread "Notification Thread" daemon [_thread_blocked, id=2880, stack(0x000000f47d500000,0x000000f47d600000)]
  0x000002877e4649e0 JavaThread "Common-Cleaner" daemon [_thread_blocked, id=5084, stack(0x000000f47d700000,0x000000f47d800000)]
  0x000002877edcef40 JavaThread "Thread-0" [_thread_blocked, id=7116, stack(0x000000f47dd00000,0x000000f47de00000)]
  0x000002877ec771e0 JavaThread "restartedMain" [_thread_blocked, id=1532, stack(0x000000f47de00000,0x000000f47df00000)]
  0x000002877f280c50 JavaThread "C2 CompilerThread1" daemon [_thread_blocked, id=5116, stack(0x000000f47d800000,0x000000f47d900000)]

Other Threads:
  0x0000028762595f30 VMThread "VM Thread" [stack: 0x000000f47cb00000,0x000000f47cc00000] [id=1800]
  0x0000028762531880 WatcherThread [stack: 0x000000f47d600000,0x000000f47d700000] [id=5400]
=>0x0000028762516240 GCTaskThread "GC Thread#0" [stack: 0x000000f47c600000,0x000000f47c700000] [id=5808]
  0x000002877e9d4ff0 GCTaskThread "GC Thread#1" [stack: 0x000000f47d900000,0x000000f47da00000] [id=7820]
  0x000002877ed9e5a0 GCTaskThread "GC Thread#2" [stack: 0x000000f47da00000,0x000000f47db00000] [id=9980]
  0x000002877ed9e850 GCTaskThread "GC Thread#3" [stack: 0x000000f47db00000,0x000000f47dc00000] [id=728]
  0x0000028762520010 ConcurrentGCThread "G1 Main Marker" [stack: 0x000000f47c700000,0x000000f47c800000] [id=9332]
  0x00000287625211c0 ConcurrentGCThread "G1 Conc#0" [stack: 0x000000f47c800000,0x000000f47c900000] [id=5604]
  0x0000028762572560 ConcurrentGCThread "G1 Refine#0" [stack: 0x000000f47c900000,0x000000f47ca00000] [id=4840]
  0x000002877ecb0f20 ConcurrentGCThread "G1 Refine#1" [stack: 0x000000f47dc00000,0x000000f47dd00000] [id=6616]
  0x0000028762572f80 ConcurrentGCThread "G1 Service" [stack: 0x000000f47ca00000,0x000000f47cb00000] [id=7372]

Threads with active compile tasks:
C2 CompilerThread0     7734 3593   !   4       org.springframework.core.annotation.AnnotationsScanner::processClassHierarchy (227 bytes)
C2 CompilerThread1     7735 3464       4       org.springframework.boot.context.properties.source.ConfigurationPropertyName$ElementsParser::parse (234 bytes)

VM state: at safepoint (normal execution)

VM Mutex/Monitor currently owned by a thread:  ([mutex/lock_event])
[0x00000287624d6b40] Threads_lock - owner thread: 0x0000028762595f30
[0x00000287624d6870] Heap_lock - owner thread: 0x000002877ec771e0

Heap address: 0x00000000c0c00000, size: 1012 MB, Compressed Oops mode: 32-bit

CDS archive(s) mapped at: [0x0000000800000000-0x0000000800bd0000-0x0000000800bd0000), size 12386304, SharedBaseAddress: 0x0000000800000000, ArchiveRelocationMode: 0.
Compressed class space mapped at: 0x0000000800c00000-0x0000000840c00000, reserved size: 1073741824
Narrow klass base: 0x0000000800000000, Narrow klass shift: 0, Narrow klass range: 0x100000000

GC Precious Log:
 CPUs: 4 total, 4 available
 Memory: 4043M
 Large Page Support: Disabled
 NUMA Support: Disabled
 Compressed Oops: Enabled (32-bit)
 Heap Region Size: 1M
 Heap Min Capacity: 8M
 Heap Initial Capacity: 64M
 Heap Max Capacity: 1012M
 Pre-touch: Disabled
 Parallel Workers: 4
 Concurrent Workers: 1
 Concurrent Refinement Workers: 4
 Periodic GC: Disabled

Heap:
 garbage-first heap   total 48128K, used 33699K [0x00000000c0c00000, 0x0000000100000000)
  region size 1024K, 22 young (22528K), 3 survivors (3072K)
 Metaspace       used 29048K, committed 29376K, reserved 1081344K
  class space    used 3791K, committed 3968K, reserved 1048576K

Heap Regions: E=young(eden), S=young(survivor), O=old, HS=humongous(starts), HC=humongous(continues), CS=collection set, F=free, OA=open archive, CA=closed archive, TAMS=top-at-mark-start (previous, next)
|   0|0x00000000c0c00000, 0x00000000c0d00000, 0x00000000c0d00000|100%|HS|  |TAMS 0x00000000c0d00000, 0x00000000c0c00000| Complete 
|   1|0x00000000c0d00000, 0x00000000c0e00000, 0x00000000c0e00000|100%| O|  |TAMS 0x00000000c0e00000, 0x00000000c0d00000| Untracked 
|   2|0x00000000c0e00000, 0x00000000c0f00000, 0x00000000c0f00000|100%| O|  |TAMS 0x00000000c0f00000, 0x00000000c0e00000| Untracked 
|   3|0x00000000c0f00000, 0x00000000c1000000, 0x00000000c1000000|100%| O|  |TAMS 0x00000000c1000000, 0x00000000c0f00000| Untracked 
|   4|0x00000000c1000000, 0x00000000c1100000, 0x00000000c1100000|100%| O|  |TAMS 0x00000000c1100000, 0x00000000c1000000| Untracked 
|   5|0x00000000c1100000, 0x00000000c1200000, 0x00000000c1200000|100%| O|  |TAMS 0x00000000c1200000, 0x00000000c1100000| Untracked 
|   6|0x00000000c1200000, 0x00000000c1300000, 0x00000000c1300000|100%| O|  |TAMS 0x00000000c1267e00, 0x00000000c1200000| Untracked 
|   7|0x00000000c1300000, 0x00000000c1400000, 0x00000000c1400000|100%| O|  |TAMS 0x00000000c1300000, 0x00000000c1300000| Untracked 
|   8|0x00000000c1400000, 0x00000000c143e000, 0x00000000c1500000| 24%| O|  |TAMS 0x00000000c1400000, 0x00000000c1400000| Untracked 
|   9|0x00000000c1500000, 0x00000000c1600000, 0x00000000c1600000|100%| O|  |TAMS 0x00000000c1500000, 0x00000000c1500000| Untracked 
|  10|0x00000000c1600000, 0x00000000c1700000, 0x00000000c1700000|100%| O|  |TAMS 0x00000000c1600000, 0x00000000c1600000| Untracked 
|  11|0x00000000c1700000, 0x00000000c1800000, 0x00000000c1800000|100%| O|  |TAMS 0x00000000c1700000, 0x00000000c1700000| Untracked 
|  12|0x00000000c1800000, 0x00000000c1900000, 0x00000000c1900000|100%| O|  |TAMS 0x00000000c1800000, 0x00000000c1800000| Untracked 
|  13|0x00000000c1900000, 0x00000000c1a00000, 0x00000000c1a00000|100%| O|  |TAMS 0x00000000c1900000, 0x00000000c1900000| Untracked 
|  14|0x00000000c1a00000, 0x00000000c1aaa6b8, 0x00000000c1b00000| 66%| O|  |TAMS 0x00000000c1a00000, 0x00000000c1a00000| Untracked 
|  15|0x00000000c1b00000, 0x00000000c1c00000, 0x00000000c1c00000|100%| E|CS|TAMS 0x00000000c1b00000, 0x00000000c1b00000| Complete 
|  16|0x00000000c1c00000, 0x00000000c1d00000, 0x00000000c1d00000|100%| E|CS|TAMS 0x00000000c1c00000, 0x00000000c1c00000| Complete 
|  17|0x00000000c1d00000, 0x00000000c1e00000, 0x00000000c1e00000|100%| E|CS|TAMS 0x00000000c1d00000, 0x00000000c1d00000| Complete 
|  18|0x00000000c1e00000, 0x00000000c1f00000, 0x00000000c1f00000|100%| E|CS|TAMS 0x00000000c1e00000, 0x00000000c1e00000| Complete 
|  19|0x00000000c1f00000, 0x00000000c1f00000, 0x00000000c2000000|  0%| F|  |TAMS 0x00000000c1f00000, 0x00000000c1f00000| Untracked 
|  20|0x00000000c2000000, 0x00000000c2000000, 0x00000000c2100000|  0%| F|  |TAMS 0x00000000c2000000, 0x00000000c2000000| Untracked 
|  21|0x00000000c2100000, 0x00000000c2100000, 0x00000000c2200000|  0%| F|  |TAMS 0x00000000c2100000, 0x00000000c2100000| Untracked 
|  22|0x00000000c2200000, 0x00000000c2200000, 0x00000000c2300000|  0%| F|  |TAMS 0x00000000c2200000, 0x00000000c2200000| Untracked 
|  23|0x00000000c2300000, 0x00000000c2300000, 0x00000000c2400000|  0%| F|  |TAMS 0x00000000c2300000, 0x00000000c2300000| Untracked 
|  24|0x00000000c2400000, 0x00000000c2400000, 0x00000000c2500000|  0%| F|  |TAMS 0x00000000c2400000, 0x00000000c2400000| Untracked 
|  25|0x00000000c2500000, 0x00000000c255fd40, 0x00000000c2600000| 37%| S|  |TAMS 0x00000000c2500000, 0x00000000c2500000| Complete 
|  26|0x00000000c2600000, 0x00000000c2700000, 0x00000000c2700000|100%| S|  |TAMS 0x00000000c2600000, 0x00000000c2600000| Complete 
|  27|0x00000000c2700000, 0x00000000c2800000, 0x00000000c2800000|100%| S|  |TAMS 0x00000000c2700000, 0x00000000c2700000| Complete 
|  28|0x00000000c2800000, 0x00000000c2900000, 0x00000000c2900000|100%| E|CS|TAMS 0x00000000c2800000, 0x00000000c2800000| Complete 
|  29|0x00000000c2900000, 0x00000000c2a00000, 0x00000000c2a00000|100%| E|CS|TAMS 0x00000000c2900000, 0x00000000c2900000| Complete 
|  30|0x00000000c2a00000, 0x00000000c2b00000, 0x00000000c2b00000|100%| E|CS|TAMS 0x00000000c2a00000, 0x00000000c2a00000| Complete 
|  31|0x00000000c2b00000, 0x00000000c2c00000, 0x00000000c2c00000|100%| E|CS|TAMS 0x00000000c2b00000, 0x00000000c2b00000| Complete 
|  32|0x00000000c2c00000, 0x00000000c2d00000, 0x00000000c2d00000|100%| E|CS|TAMS 0x00000000c2c00000, 0x00000000c2c00000| Complete 
|  33|0x00000000c2d00000, 0x00000000c2e00000, 0x00000000c2e00000|100%| E|CS|TAMS 0x00000000c2d00000, 0x00000000c2d00000| Complete 
|  34|0x00000000c2e00000, 0x00000000c2f00000, 0x00000000c2f00000|100%| E|CS|TAMS 0x00000000c2e00000, 0x00000000c2e00000| Complete 
|  35|0x00000000c2f00000, 0x00000000c3000000, 0x00000000c3000000|100%| E|CS|TAMS 0x00000000c2f00000, 0x00000000c2f00000| Complete 
|  36|0x00000000c3000000, 0x00000000c3100000, 0x00000000c3100000|100%| E|CS|TAMS 0x00000000c3000000, 0x00000000c3000000| Complete 
|  37|0x00000000c3100000, 0x00000000c3200000, 0x00000000c3200000|100%| E|CS|TAMS 0x00000000c3100000, 0x00000000c3100000| Complete 
|  38|0x00000000c3200000, 0x00000000c3300000, 0x00000000c3300000|100%| E|CS|TAMS 0x00000000c3200000, 0x00000000c3200000| Complete 
|  39|0x00000000c3300000, 0x00000000c3400000, 0x00000000c3400000|100%| E|CS|TAMS 0x00000000c3300000, 0x00000000c3300000| Complete 
|  40|0x00000000c3400000, 0x00000000c3500000, 0x00000000c3500000|100%| E|CS|TAMS 0x00000000c3400000, 0x00000000c3400000| Complete 
|  41|0x00000000c3500000, 0x00000000c3600000, 0x00000000c3600000|100%| E|CS|TAMS 0x00000000c3500000, 0x00000000c3500000| Complete 
|  42|0x00000000c3600000, 0x00000000c3700000, 0x00000000c3700000|100%| E|CS|TAMS 0x00000000c3600000, 0x00000000c3600000| Complete 
|  43|0x00000000c3700000, 0x00000000c3800000, 0x00000000c3800000|100%| E|CS|TAMS 0x00000000c3700000, 0x00000000c3700000| Complete 
|  44|0x00000000c3800000, 0x00000000c3900000, 0x00000000c3900000|100%| E|CS|TAMS 0x00000000c3800000, 0x00000000c3800000| Complete 
|  45|0x00000000c3900000, 0x00000000c3a00000, 0x00000000c3a00000|100%| E|CS|TAMS 0x00000000c3900000, 0x00000000c3900000| Complete 
|  63|0x00000000c4b00000, 0x00000000c4c00000, 0x00000000c4c00000|100%| E|CS|TAMS 0x00000000c4b00000, 0x00000000c4b00000| Complete 

Card table byte_map: [0x0000028778f60000,0x0000028779160000] _byte_map_base: 0x000002877895a000

Marking Bits (Prev, Next): (CMBitMap*) 0x00000287625178a0, (CMBitMap*) 0x0000028762517860
 Prev Bits: [0x000002877a330000, 0x000002877b300000)
 Next Bits: [0x0000028779360000, 0x000002877a330000)

Polling page: 0x00000287603b0000

Metaspace:

Usage:
  Non-class:     24.67 MB used.
      Class:      3.70 MB used.
       Both:     28.37 MB used.

Virtual space:
  Non-class space:       32.00 MB reserved,      24.81 MB ( 78%) committed,  4 nodes.
      Class space:        1.00 GB reserved,       3.88 MB ( <1%) committed,  1 nodes.
             Both:        1.03 GB reserved,      28.69 MB (  3%) committed. 

Chunk freelists:
   Non-Class:  3.09 MB
       Class:  96.00 KB
        Both:  3.19 MB

MaxMetaspaceSize: unlimited
CompressedClassSpaceSize: 1.00 GB
Initial GC threshold: 21.00 MB
Current GC threshold: 35.12 MB
CDS: on
MetaspaceReclaimPolicy: balanced
 - commit_granule_bytes: 65536.
 - commit_granule_words: 8192.
 - virtual_space_node_default_size: 1048576.
 - enlarge_chunks_in_place: 1.
 - new_chunks_are_fully_committed: 0.
 - uncommit_free_chunks: 1.
 - use_allocation_guard: 0.
 - handle_deallocations: 1.


Internal statistics:

num_allocs_failed_limit: 3.
num_arena_births: 258.
num_arena_deaths: 0.
num_vsnodes_births: 5.
num_vsnodes_deaths: 0.
num_space_committed: 459.
num_space_uncommitted: 0.
num_chunks_returned_to_freelist: 3.
num_chunks_taken_from_freelist: 1253.
num_chunk_merges: 3.
num_chunk_splits: 882.
num_chunks_enlarged: 703.
num_purges: 0.
num_inconsistent_stats: 0.

CodeHeap 'non-profiled nmethods': size=120000Kb used=1810Kb max_used=1810Kb free=118189Kb
 bounds [0x0000028771830000, 0x0000028771aa0000, 0x0000028778d60000]
CodeHeap 'profiled nmethods': size=120000Kb used=8425Kb max_used=8425Kb free=111575Kb
 bounds [0x0000028769d60000, 0x000002876a5a0000, 0x0000028771290000]
CodeHeap 'non-nmethods': size=5760Kb used=1192Kb max_used=1246Kb free=4567Kb
 bounds [0x0000028771290000, 0x0000028771500000, 0x0000028771830000]
 total_blobs=4237 nmethods=3750 adapters=398
 compilation: enabled
              stopped_count=0, restarted_count=0
 full_count=0

Compilation events (20 events):
Event: 7.619 Thread 0x000002877d762940 3766       2       java.io.ByteArrayOutputStream::<init> (43 bytes)
Event: 7.619 Thread 0x000002877d762940 nmethod 3766 0x000002876a58d090 code [0x000002876a58d280, 0x000002876a58d6b8]
Event: 7.619 Thread 0x000002877d762940 3762       2       java.net.JarURLConnection::parseSpecs (134 bytes)
Event: 7.621 Thread 0x000002877d762940 nmethod 3762 0x000002876a58d890 code [0x000002876a58db00, 0x000002876a58e2c8]
Event: 7.621 Thread 0x000002877d762940 3763       2       sun.net.www.protocol.jar.JarURLConnection::getInputStream (97 bytes)
Event: 7.622 Thread 0x000002877d762940 nmethod 3763 0x000002876a58e690 code [0x000002876a58e8e0, 0x000002876a58eee8]
Event: 7.622 Thread 0x000002877d762940 3764       2       sun.net.www.protocol.jar.URLJarFile::getEntry (69 bytes)
Event: 7.623 Thread 0x000002877d762940 nmethod 3764 0x000002876a58f210 code [0x000002876a58f4a0, 0x000002876a58fd38]
Event: 7.624 Thread 0x000002877d762940 3767   !   3       java.util.jar.Attributes::read (494 bytes)
Event: 7.630 Thread 0x000002877d762940 nmethod 3767 0x000002876a590110 code [0x000002876a590900, 0x000002876a594a48]
Event: 7.631 Thread 0x000002877d762940 3765       2       sun.net.www.protocol.jar.URLJarFile$URLJarFileEntry::<init> (16 bytes)
Event: 7.631 Thread 0x000002877d762940 nmethod 3765 0x000002876a596410 code [0x000002876a5965c0, 0x000002876a5968e8]
Event: 7.631 Thread 0x000002877d762940 3769   !   2       sun.net.www.protocol.jar.JarFileFactory::getCachedJarFile (149 bytes)
Event: 7.633 Thread 0x000002877d762940 nmethod 3769 0x000002876a596a10 code [0x000002876a596c40, 0x000002876a597108]
Event: 7.633 Thread 0x000002877d762940 3768       2       jdk.internal.perf.PerfCounter::addElapsedTimeFrom (10 bytes)
Event: 7.634 Thread 0x000002877d762940 nmethod 3768 0x000002876a597410 code [0x000002876a5975a0, 0x000002876a5976e8]
Event: 7.636 Thread 0x000002877d762940 3770       3       sun.security.provider.SHA::implCompress0 (506 bytes)
Event: 7.637 Thread 0x000002877d762940 nmethod 3770 0x000002876a597790 code [0x000002876a5979c0, 0x000002876a598408]
Event: 7.637 Thread 0x000002877d762940 3771       2       sun.security.provider.ByteArrayAccess::b2iBig64 (231 bytes)
Event: 7.643 Thread 0x000002877d762940 nmethod 3771 0x000002876a598910 code [0x000002876a598ca0, 0x000002876a599a38]

GC Heap History (13 events):
Event: 0.812 GC heap before
{Heap before GC invocations=0 (full 0):
 garbage-first heap   total 65536K, used 13312K [0x00000000c0c00000, 0x0000000100000000)
  region size 1024K, 13 young (13312K), 0 survivors (0K)
 Metaspace       used 3337K, committed 3520K, reserved 1056768K
  class space    used 347K, committed 448K, reserved 1048576K
}
Event: 0.819 GC heap after
{Heap after GC invocations=1 (full 0):
 garbage-first heap   total 65536K, used 6370K [0x00000000c0c00000, 0x0000000100000000)
  region size 1024K, 2 young (2048K), 2 survivors (2048K)
 Metaspace       used 3337K, committed 3520K, reserved 1056768K
  class space    used 347K, committed 448K, reserved 1048576K
}
Event: 1.273 GC heap before
{Heap before GC invocations=1 (full 0):
 garbage-first heap   total 65536K, used 15586K [0x00000000c0c00000, 0x0000000100000000)
  region size 1024K, 11 young (11264K), 2 survivors (2048K)
 Metaspace       used 5583K, committed 5824K, reserved 1056768K
  class space    used 637K, committed 768K, reserved 1048576K
}
Event: 1.277 GC heap after
{Heap after GC invocations=2 (full 0):
 garbage-first heap   total 65536K, used 7281K [0x00000000c0c00000, 0x0000000100000000)
  region size 1024K, 1 young (1024K), 1 survivors (1024K)
 Metaspace       used 5583K, committed 5824K, reserved 1056768K
  class space    used 637K, committed 768K, reserved 1048576K
}
Event: 2.152 GC heap before
{Heap before GC invocations=2 (full 0):
 garbage-first heap   total 65536K, used 26737K [0x00000000c0c00000, 0x0000000100000000)
  region size 1024K, 21 young (21504K), 1 survivors (1024K)
 Metaspace       used 10536K, committed 10816K, reserved 1064960K
  class space    used 1340K, committed 1472K, reserved 1048576K
}
Event: 2.156 GC heap after
{Heap after GC invocations=3 (full 0):
 garbage-first heap   total 65536K, used 8607K [0x00000000c0c00000, 0x0000000100000000)
  region size 1024K, 2 young (2048K), 2 survivors (2048K)
 Metaspace       used 10536K, committed 10816K, reserved 1064960K
  class space    used 1340K, committed 1472K, reserved 1048576K
}
Event: 3.331 GC heap before
{Heap before GC invocations=3 (full 0):
 garbage-first heap   total 65536K, used 40351K [0x00000000c0c00000, 0x0000000100000000)
  region size 1024K, 34 young (34816K), 2 survivors (2048K)
 Metaspace       used 17758K, committed 17920K, reserved 1073152K
  class space    used 2237K, committed 2304K, reserved 1048576K
}
Event: 3.338 GC heap after
{Heap after GC invocations=4 (full 0):
 garbage-first heap   total 65536K, used 10524K [0x00000000c0c00000, 0x0000000100000000)
  region size 1024K, 4 young (4096K), 4 survivors (4096K)
 Metaspace       used 17758K, committed 17920K, reserved 1073152K
  class space    used 2237K, committed 2304K, reserved 1048576K
}
Event: 4.782 GC heap before
{Heap before GC invocations=4 (full 0):
 garbage-first heap   total 65536K, used 40220K [0x00000000c0c00000, 0x0000000100000000)
  region size 1024K, 35 young (35840K), 4 survivors (4096K)
 Metaspace       used 21323K, committed 21504K, reserved 1073152K
  class space    used 2724K, committed 2816K, reserved 1048576K
}
Event: 4.791 GC heap after
{Heap after GC invocations=5 (full 0):
 garbage-first heap   total 65536K, used 12305K [0x00000000c0c00000, 0x0000000100000000)
  region size 1024K, 4 young (4096K), 4 survivors (4096K)
 Metaspace       used 21323K, committed 21504K, reserved 1073152K
  class space    used 2724K, committed 2816K, reserved 1048576K
}
Event: 6.414 GC heap before
{Heap before GC invocations=6 (full 0):
 garbage-first heap   total 48128K, used 36881K [0x00000000c0c00000, 0x0000000100000000)
  region size 1024K, 28 young (28672K), 4 survivors (4096K)
 Metaspace       used 25519K, committed 25728K, reserved 1073152K
  class space    used 3341K, committed 3456K, reserved 1048576K
}
Event: 6.423 GC heap after
{Heap after GC invocations=7 (full 0):
 garbage-first heap   total 48128K, used 14243K [0x00000000c0c00000, 0x0000000100000000)
  region size 1024K, 4 young (4096K), 4 survivors (4096K)
 Metaspace       used 25519K, committed 25728K, reserved 1073152K
  class space    used 3341K, committed 3456K, reserved 1048576K
}
Event: 7.654 GC heap before
{Heap before GC invocations=7 (full 0):
 garbage-first heap   total 48128K, used 32675K [0x00000000c0c00000, 0x0000000100000000)
  region size 1024K, 23 young (23552K), 4 survivors (4096K)
 Metaspace       used 29048K, committed 29376K, reserved 1081344K
  class space    used 3791K, committed 3968K, reserved 1048576K
}

Deoptimization events (20 events):
Event: 7.409 Thread 0x000002877ec771e0 DEOPT PACKING pc=0x0000028771896e68 sp=0x000000f47defd290
Event: 7.409 Thread 0x000002877ec771e0 DEOPT UNPACKING pc=0x00000287712e23a3 sp=0x000000f47defd270 mode 2
Event: 7.472 Thread 0x000002877ec771e0 DEOPT PACKING pc=0x000002876a5657e6 sp=0x000000f47defd4a0
Event: 7.472 Thread 0x000002877ec771e0 DEOPT UNPACKING pc=0x00000287712e2b43 sp=0x000000f47defc990 mode 0
Event: 7.511 Thread 0x000002877ec771e0 DEOPT PACKING pc=0x000002876a5657e6 sp=0x000000f47defd280
Event: 7.511 Thread 0x000002877ec771e0 DEOPT UNPACKING pc=0x00000287712e2b43 sp=0x000000f47defc770 mode 0
Event: 7.538 Thread 0x000002877ec771e0 Uncommon trap: trap_request=0xffffff45 fr.pc=0x0000028771939f14 relative=0x0000000000000234
Event: 7.538 Thread 0x000002877ec771e0 Uncommon trap: reason=unstable_if action=reinterpret pc=0x0000028771939f14 method=java.util.HashMap.putVal(ILjava/lang/Object;Ljava/lang/Object;ZZ)Ljava/lang/Object; @ 162 c2
Event: 7.538 Thread 0x000002877ec771e0 DEOPT PACKING pc=0x0000028771939f14 sp=0x000000f47defc820
Event: 7.538 Thread 0x000002877ec771e0 DEOPT UNPACKING pc=0x00000287712e23a3 sp=0x000000f47defc748 mode 2
Event: 7.557 Thread 0x000002877ec771e0 DEOPT PACKING pc=0x000002876a570aa8 sp=0x000000f47defbab0
Event: 7.557 Thread 0x000002877ec771e0 DEOPT UNPACKING pc=0x00000287712e2b43 sp=0x000000f47defaf08 mode 0
Event: 7.579 Thread 0x000002877ec771e0 Uncommon trap: trap_request=0xffffffbe fr.pc=0x00000287719f2474 relative=0x0000000000000734
Event: 7.579 Thread 0x000002877ec771e0 Uncommon trap: reason=profile_predicate action=maybe_recompile pc=0x00000287719f2474 method=java.lang.PublicMethods$MethodList.filter([Ljava/lang/reflect/Method;Ljava/lang/String;[Ljava/lang/Class;Z)Ljava/lang/PublicMethods$MethodList; @ 21 c2
Event: 7.579 Thread 0x000002877ec771e0 DEOPT PACKING pc=0x00000287719f2474 sp=0x000000f47defd8d0
Event: 7.579 Thread 0x000002877ec771e0 DEOPT UNPACKING pc=0x00000287712e23a3 sp=0x000000f47defd888 mode 2
Event: 7.623 Thread 0x000002877ec771e0 DEOPT PACKING pc=0x000002876a57ee0d sp=0x000000f47defde20
Event: 7.623 Thread 0x000002877ec771e0 DEOPT UNPACKING pc=0x00000287712e2b43 sp=0x000000f47defd3d8 mode 0
Event: 7.636 Thread 0x000002877ec771e0 DEOPT PACKING pc=0x000002876a54905c sp=0x000000f47defe080
Event: 7.636 Thread 0x000002877ec771e0 DEOPT UNPACKING pc=0x00000287712e2b43 sp=0x000000f47defd4f8 mode 0

Classes unloaded (0 events):
No events

Classes redefined (0 events):
No events

Internal exceptions (20 events):
Event: 6.308 Thread 0x000002877ec771e0 Exception <a 'java/lang/ClassNotFoundException'{0x00000000c204a1f0}: org/springframework/aop/support/AbstractPointcutAdvisorCustomizer> (0x00000000c204a1f0) 
thrown [s\open\src\hotspot\share\classfile\systemDictionary.cpp, line 256]
Event: 6.313 Thread 0x000002877ec771e0 Exception <a 'java/lang/ClassNotFoundException'{0x00000000c20533e0}: org/springframework/security/access/intercept/aopalliance/MethodSecurityMetadataSourceAdvisorCustomizer> (0x00000000c20533e0) 
thrown [s\open\src\hotspot\share\classfile\systemDictionary.cpp, line 256]
Event: 6.318 Thread 0x000002877ec771e0 Exception <a 'java/lang/ClassNotFoundException'{0x00000000c205f400}: org/springframework/beans/factory/BeanFactoryAwareCustomizer> (0x00000000c205f400) 
thrown [s\open\src\hotspot\share\classfile\systemDictionary.cpp, line 256]
Event: 6.319 Thread 0x000002877ec771e0 Exception <a 'java/lang/ClassNotFoundException'{0x00000000c2064cd8}: org/springframework/beans/factory/AwareCustomizer> (0x00000000c2064cd8) 
thrown [s\open\src\hotspot\share\classfile\systemDictionary.cpp, line 256]
Event: 6.320 Thread 0x000002877ec771e0 Exception <a 'java/lang/ClassNotFoundException'{0x00000000c2069378}: org/springframework/aop/PointcutAdvisorCustomizer> (0x00000000c2069378) 
thrown [s\open\src\hotspot\share\classfile\systemDictionary.cpp, line 256]
Event: 6.321 Thread 0x000002877ec771e0 Exception <a 'java/lang/ClassNotFoundException'{0x00000000c206e828}: org/springframework/aop/AdvisorCustomizer> (0x00000000c206e828) 
thrown [s\open\src\hotspot\share\classfile\systemDictionary.cpp, line 256]
Event: 6.321 Thread 0x000002877ec771e0 Exception <a 'java/lang/ClassNotFoundException'{0x00000000c20744b8}: org/springframework/core/OrderedCustomizer> (0x00000000c20744b8) 
thrown [s\open\src\hotspot\share\classfile\systemDictionary.cpp, line 256]
Event: 6.556 Thread 0x000002877ec771e0 Implicit null exception at 0x00000287719c56e3 to 0x00000287719c5ecc
Event: 6.559 Thread 0x000002877ec771e0 Exception <a 'java/lang/NoSuchMethodError'{0x00000000c38231a0}: 'java.lang.Object java.lang.invoke.DirectMethodHandle$Holder.invokeStatic(java.lang.Object, java.lang.Object, int)'> (0x00000000c38231a0) 
thrown [s\open\src\hotspot\share\interpreter\linkResolver.cpp, line 759]
Event: 6.561 Thread 0x000002877ec771e0 Exception <a 'java/lang/NoSuchMethodError'{0x00000000c382ede8}: 'void java.lang.invoke.DelegatingMethodHandle$Holder.delegate(java.lang.Object, java.lang.Object, int, java.lang.Object)'> (0x00000000c382ede8) 
thrown [s\open\src\hotspot\share\interpreter\linkResolver.cpp, line 759]
Event: 6.622 Thread 0x000002877ec771e0 Exception <a 'java/lang/NoSuchMethodError'{0x00000000c38bd200}: 'void java.lang.invoke.DirectMethodHandle$Holder.invokeStatic(java.lang.Object, java.lang.Object, int)'> (0x00000000c38bd200) 
thrown [s\open\src\hotspot\share\interpreter\linkResolver.cpp, line 759]
Event: 6.809 Thread 0x000002877ec771e0 Exception <a 'java/lang/NoSuchMethodError'{0x00000000c3629b40}: 'void java.lang.invoke.DirectMethodHandle$Holder.invokeInterface(java.lang.Object, java.lang.Object, int)'> (0x00000000c3629b40) 
thrown [s\open\src\hotspot\share\interpreter\linkResolver.cpp, line 759]
Event: 6.831 Thread 0x000002877ec771e0 Exception <a 'java/lang/IncompatibleClassChangeError'{0x00000000c36798a8}: Found class java.lang.Object, but interface was expected> (0x00000000c36798a8) 
thrown [s\open\src\hotspot\share\interpreter\linkResolver.cpp, line 826]
Event: 6.832 Thread 0x000002877ec771e0 Exception <a 'java/lang/NoSuchMethodError'{0x00000000c367ea30}: 'void java.lang.invoke.DirectMethodHandle$Holder.invokeStatic(java.lang.Object, int, java.lang.Object)'> (0x00000000c367ea30) 
thrown [s\open\src\hotspot\share\interpreter\linkResolver.cpp, line 759]
Event: 6.845 Thread 0x000002877ec771e0 Exception <a 'java/lang/NoSuchMethodError'{0x00000000c36b4368}: 'int java.lang.invoke.DirectMethodHandle$Holder.invokeSpecial(java.lang.Object, java.lang.Object, int)'> (0x00000000c36b4368) 
thrown [s\open\src\hotspot\share\interpreter\linkResolver.cpp, line 759]
Event: 7.089 Thread 0x000002877ec771e0 Exception <a 'java/lang/NoSuchMethodError'{0x00000000c3172b70}: 'java.lang.Object java.lang.invoke.DirectMethodHandle$Holder.invokeStaticInit(java.lang.Object, int, int, int, int)'> (0x00000000c3172b70) 
thrown [s\open\src\hotspot\share\interpreter\linkResolver.cpp, line 759]
Event: 7.240 Thread 0x000002877ec771e0 Exception <a 'java/lang/NoSuchMethodError'{0x00000000c3055850}: 'java.lang.Object java.lang.invoke.DirectMethodHandle$Holder.invokeStaticInit(java.lang.Object, java.lang.Object, int, int, int, int)'> (0x00000000c3055850) 
thrown [s\open\src\hotspot\share\interpreter\linkResolver.cpp, line 759]
Event: 7.638 Thread 0x000002877ec771e0 Exception <a 'sun/nio/fs/WindowsException'{0x00000000c28e3af0}> (0x00000000c28e3af0) 
thrown [s\open\src\hotspot\share\prims\jni.cpp, line 516]
Event: 7.640 Thread 0x000002877ec771e0 Exception <a 'sun/nio/fs/WindowsException'{0x00000000c28e9690}> (0x00000000c28e9690) 
thrown [s\open\src\hotspot\share\prims\jni.cpp, line 516]
Event: 7.640 Thread 0x000002877ec771e0 Exception <a 'sun/nio/fs/WindowsException'{0x00000000c28e9d58}> (0x00000000c28e9d58) 
thrown [s\open\src\hotspot\share\prims\jni.cpp, line 516]

VM Operations (20 events):
Event: 5.954 Executing VM operation: HandshakeAllThreads done
Event: 5.956 Executing VM operation: HandshakeAllThreads
Event: 5.956 Executing VM operation: HandshakeAllThreads done
Event: 6.325 Executing VM operation: HandshakeAllThreads
Event: 6.325 Executing VM operation: HandshakeAllThreads done
Event: 6.414 Executing VM operation: G1CollectForAllocation
Event: 6.423 Executing VM operation: G1CollectForAllocation done
Event: 6.559 Executing VM operation: HandshakeAllThreads
Event: 6.559 Executing VM operation: HandshakeAllThreads done
Event: 6.592 Executing VM operation: HandshakeAllThreads
Event: 6.592 Executing VM operation: HandshakeAllThreads done
Event: 6.991 Executing VM operation: ICBufferFull
Event: 6.992 Executing VM operation: ICBufferFull done
Event: 7.206 Executing VM operation: HandshakeAllThreads
Event: 7.206 Executing VM operation: HandshakeAllThreads done
Event: 7.457 Executing VM operation: HandshakeAllThreads
Event: 7.457 Executing VM operation: HandshakeAllThreads done
Event: 7.547 Executing VM operation: HandshakeAllThreads
Event: 7.547 Executing VM operation: HandshakeAllThreads done
Event: 7.654 Executing VM operation: G1CollectForAllocation

Events (20 events):
Event: 7.574 loading class com/sun/security/sasl/Provider$ProviderService
Event: 7.574 loading class com/sun/security/sasl/Provider$ProviderService done
Event: 7.636 loading class sun/nio/fs/ExtendedFileSystemProvider
Event: 7.637 loading class sun/nio/fs/ExtendedFileSystemProvider done
Event: 7.637 loading class java/nio/file/AccessMode
Event: 7.637 loading class java/nio/file/AccessMode done
Event: 7.648 loading class com/sun/jmx/mbeanserver/GetPropertyAction
Event: 7.650 loading class com/sun/jmx/mbeanserver/GetPropertyAction done
Event: 7.650 loading class javax/management/ObjectName$Property
Event: 7.651 loading class javax/management/ObjectName$Property done
Event: 7.651 loading class com/sun/jmx/mbeanserver/Util
Event: 7.651 loading class com/sun/jmx/mbeanserver/Util done
Event: 7.652 loading class java/util/concurrent/ScheduledThreadPoolExecutor
Event: 7.652 loading class java/util/concurrent/ThreadPoolExecutor
Event: 7.653 loading class java/util/concurrent/ThreadPoolExecutor done
Event: 7.653 loading class java/util/concurrent/ScheduledThreadPoolExecutor done
Event: 7.653 loading class java/util/concurrent/ThreadPoolExecutor$AbortPolicy
Event: 7.654 loading class java/util/concurrent/RejectedExecutionHandler
Event: 7.654 loading class java/util/concurrent/RejectedExecutionHandler done
Event: 7.654 loading class java/util/concurrent/ThreadPoolExecutor$AbortPolicy done


Dynamic libraries:
0x00007ff722860000 - 0x00007ff722870000 	C:\Program Files\Java\jdk-17\bin\java.exe
0x00007ffa69450000 - 0x00007ffa69648000 	C:\Windows\SYSTEM32\ntdll.dll
0x00007ffa688b0000 - 0x00007ffa6896f000 	C:\Windows\System32\KERNEL32.DLL
0x00007ffa66fc0000 - 0x00007ffa67292000 	C:\Windows\System32\KERNELBASE.dll
0x00007ffa66ec0000 - 0x00007ffa66fc0000 	C:\Windows\System32\ucrtbase.dll
0x00007ffa5fed0000 - 0x00007ffa5fee8000 	C:\Program Files\Java\jdk-17\bin\jli.dll
0x00007ffa62050000 - 0x00007ffa6206b000 	C:\Program Files\Java\jdk-17\bin\VCRUNTIME140.dll
0x00007ffa67820000 - 0x00007ffa678ce000 	C:\Windows\System32\ADVAPI32.dll
0x00007ffa689d0000 - 0x00007ffa68a6e000 	C:\Windows\System32\msvcrt.dll
0x00007ffa68a70000 - 0x00007ffa68b0c000 	C:\Windows\System32\sechost.dll
0x00007ffa680a0000 - 0x00007ffa681c4000 	C:\Windows\System32\RPCRT4.dll
0x00007ffa67ee0000 - 0x00007ffa68081000 	C:\Windows\System32\USER32.dll
0x00007ffa58580000 - 0x00007ffa5881a000 	C:\Windows\WinSxS\amd64_microsoft.windows.common-controls_6595b64144ccf1df_6.0.19041.1110_none_60b5254171f9507e\COMCTL32.dll
0x00007ffa66c10000 - 0x00007ffa66c32000 	C:\Windows\System32\win32u.dll
0x00007ffa674a0000 - 0x00007ffa674cb000 	C:\Windows\System32\GDI32.dll
0x00007ffa66c40000 - 0x00007ffa66d4f000 	C:\Windows\System32\gdi32full.dll
0x00007ffa67400000 - 0x00007ffa6749d000 	C:\Windows\System32\msvcp_win.dll
0x00007ffa53ff0000 - 0x00007ffa53ffa000 	C:\Windows\SYSTEM32\VERSION.dll
0x00007ffa681d0000 - 0x00007ffa68200000 	C:\Windows\System32\IMM32.DLL
0x00007ffa62040000 - 0x00007ffa6204c000 	C:\Program Files\Java\jdk-17\bin\vcruntime140_1.dll
0x00007ffa5fa30000 - 0x00007ffa5fabe000 	C:\Program Files\Java\jdk-17\bin\msvcp140.dll
0x00007ffa3a3c0000 - 0x00007ffa3af97000 	C:\Program Files\Java\jdk-17\bin\server\jvm.dll
0x00007ffa68090000 - 0x00007ffa68098000 	C:\Windows\System32\PSAPI.DLL
0x00007ffa52b90000 - 0x00007ffa52b99000 	C:\Windows\SYSTEM32\WSOCK32.dll
0x00007ffa67530000 - 0x00007ffa6759b000 	C:\Windows\System32\WS2_32.dll
0x00007ffa52390000 - 0x00007ffa523b7000 	C:\Windows\SYSTEM32\WINMM.dll
0x00007ffa653a0000 - 0x00007ffa653b2000 	C:\Windows\SYSTEM32\kernel.appcore.dll
0x00007ffa606d0000 - 0x00007ffa606da000 	C:\Program Files\Java\jdk-17\bin\jimage.dll
0x00007ffa54a70000 - 0x00007ffa54c54000 	C:\Windows\SYSTEM32\DBGHELP.DLL
0x00007ffa54980000 - 0x00007ffa549b5000 	C:\Windows\SYSTEM32\dbgcore.DLL
0x00007ffa66e30000 - 0x00007ffa66eb2000 	C:\Windows\System32\bcryptPrimitives.dll
0x00007ffa604c0000 - 0x00007ffa604e5000 	C:\Program Files\Java\jdk-17\bin\java.dll
0x00007ffa5fac0000 - 0x00007ffa5fb97000 	C:\Program Files\Java\jdk-17\bin\jsvml.dll
0x00007ffa68b10000 - 0x00007ffa69255000 	C:\Windows\System32\SHELL32.dll
0x00007ffa64660000 - 0x00007ffa64df2000 	C:\Windows\SYSTEM32\windows.storage.dll
0x00007ffa67930000 - 0x00007ffa67c85000 	C:\Windows\System32\combase.dll
0x00007ffa664d0000 - 0x00007ffa66500000 	C:\Windows\SYSTEM32\Wldp.dll
0x00007ffa67e30000 - 0x00007ffa67edd000 	C:\Windows\System32\SHCORE.dll
0x00007ffa67ca0000 - 0x00007ffa67cf5000 	C:\Windows\System32\shlwapi.dll
0x00007ffa66a90000 - 0x00007ffa66aaf000 	C:\Windows\SYSTEM32\profapi.dll
0x00007ffa604a0000 - 0x00007ffa604b9000 	C:\Program Files\Java\jdk-17\bin\net.dll
0x00007ffa5bb10000 - 0x00007ffa5bc1a000 	C:\Windows\SYSTEM32\WINHTTP.dll
0x00007ffa66230000 - 0x00007ffa6629a000 	C:\Windows\system32\mswsock.dll
0x00007ffa60480000 - 0x00007ffa60496000 	C:\Program Files\Java\jdk-17\bin\nio.dll
0x00007ffa60460000 - 0x00007ffa60478000 	C:\Program Files\Java\jdk-17\bin\zip.dll
0x00007ffa60450000 - 0x00007ffa60460000 	C:\Program Files\Java\jdk-17\bin\verify.dll
0x00007ffa60410000 - 0x00007ffa6041a000 	C:\Program Files\Java\jdk-17\bin\management.dll
0x00007ffa60400000 - 0x00007ffa6040b000 	C:\Program Files\Java\jdk-17\bin\management_ext.dll
0x00007ffa53140000 - 0x00007ffa53157000 	C:\Windows\system32\napinsp.dll
0x00007ffa52f60000 - 0x00007ffa52f7b000 	C:\Windows\system32\pnrpnsp.dll
0x00007ffa61500000 - 0x00007ffa61515000 	C:\Windows\system32\wshbth.dll
0x00007ffa61e00000 - 0x00007ffa61e1d000 	C:\Windows\system32\NLAapi.dll
0x00007ffa65f20000 - 0x00007ffa65f5b000 	C:\Windows\SYSTEM32\IPHLPAPI.DLL
0x00007ffa65f60000 - 0x00007ffa6602b000 	C:\Windows\SYSTEM32\DNSAPI.dll
0x00007ffa688a0000 - 0x00007ffa688a8000 	C:\Windows\System32\NSI.dll
0x00007ffa52e60000 - 0x00007ffa52e72000 	C:\Windows\System32\winrnr.dll
0x00007ffa5ff20000 - 0x00007ffa5ff2a000 	C:\Windows\System32\rasadhlp.dll
0x00007ffa58820000 - 0x00007ffa588a0000 	C:\Windows\System32\fwpuclnt.dll
0x00007ffa66d50000 - 0x00007ffa66d77000 	C:\Windows\System32\bcrypt.dll
0x00007ffa66420000 - 0x00007ffa66438000 	C:\Windows\SYSTEM32\CRYPTSP.dll
0x00007ffa65b50000 - 0x00007ffa65b84000 	C:\Windows\system32\rsaenh.dll
0x00007ffa66a50000 - 0x00007ffa66a7e000 	C:\Windows\SYSTEM32\USERENV.dll
0x00007ffa66440000 - 0x00007ffa6644c000 	C:\Windows\SYSTEM32\CRYPTBASE.dll
0x00007ffa5be20000 - 0x00007ffa5be37000 	C:\Windows\SYSTEM32\dhcpcsvc6.DLL
0x00007ffa5d2a0000 - 0x00007ffa5d2bd000 	C:\Windows\SYSTEM32\dhcpcsvc.DLL
0x00007ffa61f20000 - 0x00007ffa61f2d000 	C:\Program Files\Java\jdk-17\bin\sunmscapi.dll
0x00007ffa672a0000 - 0x00007ffa673f6000 	C:\Windows\System32\CRYPT32.dll
0x00007ffa665b0000 - 0x00007ffa665d7000 	C:\Windows\SYSTEM32\ncrypt.dll
0x00007ffa66500000 - 0x00007ffa6653b000 	C:\Windows\SYSTEM32\NTASN1.dll

dbghelp: loaded successfully - version: 4.0.5 - missing functions: none
symbol engine: initialized successfully - sym options: 0x614 - pdb path: .;C:\Program Files\Java\jdk-17\bin;C:\Windows\SYSTEM32;C:\Windows\WinSxS\amd64_microsoft.windows.common-controls_6595b64144ccf1df_6.0.19041.1110_none_60b5254171f9507e;C:\Program Files\Java\jdk-17\bin\server

VM Arguments:
java_command: com.portfolioweb.lauramaldonado.LauramaldonadoApplication
java_class_path (initial): C:\Users\W10\Desktop\PortfolioWeb\PW_FrontEnd\lauramaldonado\target\classes;C:\Users\W10\.m2\repository\org\springframework\boot\spring-boot-starter-data-jpa\2.7.10\spring-boot-starter-data-jpa-2.7.10.jar;C:\Users\W10\.m2\repository\org\springframework\boot\spring-boot-starter-aop\2.7.10\spring-boot-starter-aop-2.7.10.jar;C:\Users\W10\.m2\repository\org\aspectj\aspectjweaver\1.9.7\aspectjweaver-1.9.7.jar;C:\Users\W10\.m2\repository\org\springframework\boot\spring-boot-starter-jdbc\2.7.10\spring-boot-starter-jdbc-2.7.10.jar;C:\Users\W10\.m2\repository\com\zaxxer\HikariCP\4.0.3\HikariCP-4.0.3.jar;C:\Users\W10\.m2\repository\org\springframework\spring-jdbc\5.3.26\spring-jdbc-5.3.26.jar;C:\Users\W10\.m2\repository\jakarta\transaction\jakarta.transaction-api\1.3.3\jakarta.transaction-api-1.3.3.jar;C:\Users\W10\.m2\repository\jakarta\persistence\jakarta.persistence-api\2.2.3\jakarta.persistence-api-2.2.3.jar;C:\Users\W10\.m2\repository\org\hibernate\hibernate-core\5.6.15.Final\hibernate-core-5.6.15.Final.jar;C:\Users\W10\.m2\repository\org\jboss\logging\jboss-logging\3.4.3.Final\jboss-logging-3.4.3.Final.jar;C:\Users\W10\.m2\repository\net\bytebuddy\byte-buddy\1.12.23\byte-buddy-1.12.23.jar;C:\Users\W10\.m2\repository\antlr\antlr\2.7.7\antlr-2.7.7.jar;C:\Users\W10\.m2\repository\org\jboss\jandex\2.4.2.Final\jandex-2.4.2.Final.jar;C:\Users\W10\.m2\repository\com\fasterxml\classmate\1.5.1\classmate-1.5.1.jar;C:\Users\W10\.m2\repository\org\hibernate\common\hibernate-commons-annotations\5.1.2.Final\hibernate-commons-annotations-5.1.2.Final.jar;C:\Users\W10\.m2\repository\org\glassfish\jaxb\jaxb-runtime\2.3.8\jaxb-runtime-2.3.8.jar;C:\Users\W10\.m2\repository\org\glassfish\jaxb\txw2\2.3.8\txw2-2.3.8.jar;C:\Users\W10\.m2\repository\com\sun\istack\istack-commons-runtime\3.0.12\istack-commons-runtime-3.0.12.jar;C:\Users\W10\.m2\repository\com\sun\activation\jakarta.activation\1.2.2\jakarta.activation-1.2.2.jar;C:\Users\W10\.m2\repository\org\springfr
Launcher Type: SUN_STANDARD

[Global flags]
     intx CICompilerCount                          = 3                                         {product} {ergonomic}
     uint ConcGCThreads                            = 1                                         {product} {ergonomic}
     uint G1ConcRefinementThreads                  = 4                                         {product} {ergonomic}
   size_t G1HeapRegionSize                         = 1048576                                   {product} {ergonomic}
    uintx GCDrainStackTargetSize                   = 64                                        {product} {ergonomic}
   size_t InitialHeapSize                          = 67108864                                  {product} {ergonomic}
   size_t MarkStackSize                            = 4194304                                   {product} {ergonomic}
   size_t MaxHeapSize                              = 1061158912                                {product} {ergonomic}
   size_t MaxNewSize                               = 636485632                                 {product} {ergonomic}
   size_t MinHeapDeltaBytes                        = 1048576                                   {product} {ergonomic}
   size_t MinHeapSize                              = 8388608                                   {product} {ergonomic}
    uintx NonNMethodCodeHeapSize                   = 5832780                                {pd product} {ergonomic}
    uintx NonProfiledCodeHeapSize                  = 122912730                              {pd product} {ergonomic}
    uintx ProfiledCodeHeapSize                     = 122912730                              {pd product} {ergonomic}
    uintx ReservedCodeCacheSize                    = 251658240                              {pd product} {ergonomic}
     bool SegmentedCodeCache                       = true                                      {product} {ergonomic}
   size_t SoftMaxHeapSize                          = 1061158912                             {manageable} {ergonomic}
     bool UseCompressedClassPointers               = true                           {product lp64_product} {ergonomic}
     bool UseCompressedOops                        = true                           {product lp64_product} {ergonomic}
     bool UseG1GC                                  = true                                      {product} {ergonomic}
     bool UseLargePagesIndividualAllocation        = false                                  {pd product} {ergonomic}

Logging:
Log output configuration:
 #0: stdout all=warning uptime,level,tags
 #1: stderr all=off uptime,level,tags

Environment Variables:
JAVA_HOME=C:\Program Files\Java\jdk-17
PATH=C:\Program Files\Common Files\Oracle\Java\javapath;C:\Program Files (x86)\Common Files\Oracle\Java\javapath;C:\Windows\system32;C:\Windows;C:\Windows\System32\Wbem;C:\Windows\System32\WindowsPowerShell\v1.0\;C:\Windows\System32\OpenSSH\;C:\Program Files (x86)\ATI Technologies\ATI.ACE\Core-Static;C:\Program Files\Git\cmd;C:\Program Files\Java\jdk-17.0.5\bin;C:\Program Files\Java\jdk1.8.0_361\bin;C:\Program Files\Java\jdk-17\bin;C:\Program Files\nodejs\;C:\Program Files\MySQL\MySQL Shell 8.0\bin\;C:\Users\W10\AppData\Local\Microsoft\WindowsApps;C:\Users\W10\AppData\Local\Programs\Microsoft VS Code\bin;C:\Users\W10\AppData\Local\GitHubDesktop\bin;C:\Users\W10\AppData\Roaming\npm
USERNAME=W10
OS=Windows_NT
PROCESSOR_IDENTIFIER=Intel64 Family 6 Model 42 Stepping 7, GenuineIntel



---------------  S Y S T E M  ---------------

OS:
 Windows 10 , 64 bit Build 19041 (10.0.19041.2546)
OS uptime: 0 days 3:15 hours

CPU: total 4 (initial active 4) (2 cores per cpu, 2 threads per core) family 6 model 42 stepping 7 microcode 0x2f, cx8, cmov, fxsr, ht, mmx, sse, sse2, sse3, ssse3, sse4.1, sse4.2, popcnt, tsc, tscinvbit, avx, aes, clmul, vzeroupper, clflush

Memory: 4k page, system-wide physical 4043M (539M free)
TotalPageFile size 7371M (AvailPageFile size 2128M)
current process WorkingSet (physical memory assigned to process): 176M, peak: 178M
current process commit charge ("private bytes"): 209M, peak: 213M

vm_info: Java HotSpot(TM) 64-Bit Server VM (17.0.6+9-LTS-190) for windows-amd64 JRE (17.0.6+9-LTS-190), built on Dec  6 2022 15:53:54 by "mach5one" with MS VC++ 17.1 (VS2022)

END.
